<?xml version="1.0" encoding="UTF-8"?>
<testng-results skipped="0" failed="0" total="1" passed="1">
  <reporter-output>
  </reporter-output>
  <suite name="Default suite" duration-ms="15088" started-at="2019-12-05T13:36:06Z" finished-at="2019-12-05T13:36:21Z">
    <groups>
    </groups>
    <test name="Default test" duration-ms="15088" started-at="2019-12-05T13:36:06Z" finished-at="2019-12-05T13:36:21Z">
      <class name="com.tests.FirstTest">
        <test-method status="PASS" signature="beforeTest()[pri:0, instance:com.tests.FirstTest@4520ebad]" name="beforeTest" is-config="true" duration-ms="13088" started-at="2019-12-05T19:06:06Z" finished-at="2019-12-05T19:06:19Z">
          <reporter-output>
          </reporter-output>
        </test-method> <!-- beforeTest -->
        <test-method status="PASS" signature="f()[pri:0, instance:com.tests.FirstTest@4520ebad]" name="f" duration-ms="436" started-at="2019-12-05T19:06:19Z" finished-at="2019-12-05T19:06:19Z">
          <reporter-output>
          </reporter-output>
        </test-method> <!-- f -->
        <test-method status="PASS" signature="afterTest()[pri:0, instance:com.tests.FirstTest@4520ebad]" name="afterTest" is-config="true" duration-ms="1544" started-at="2019-12-05T19:06:19Z" finished-at="2019-12-05T19:06:21Z">
          <reporter-output>
          </reporter-output>
        </test-method> <!-- afterTest -->
      </class> <!-- com.tests.FirstTest -->
    </test> <!-- Default test -->
  </suite> <!-- Default suite -->
</testng-results>
