<?xml version="1.0" encoding="UTF-8"?>
<testng-results skipped="0" failed="0" total="1" passed="1">
  <reporter-output>
  </reporter-output>
  <suite name="Default suite" duration-ms="14695" started-at="2019-12-05T20:58:47Z" finished-at="2019-12-05T20:59:02Z">
    <groups>
    </groups>
    <test name="Default test" duration-ms="14695" started-at="2019-12-05T20:58:47Z" finished-at="2019-12-05T20:59:02Z">
      <class name="com.tests.FirstTest">
        <test-method status="PASS" signature="beforeTest()[pri:0, instance:com.tests.FirstTest@4520ebad]" name="beforeTest" is-config="true" duration-ms="13140" started-at="2019-12-06T02:28:47Z" finished-at="2019-12-06T02:29:00Z">
          <reporter-output>
          </reporter-output>
        </test-method> <!-- beforeTest -->
        <test-method status="PASS" signature="f()[pri:0, instance:com.tests.FirstTest@4520ebad]" name="f" duration-ms="502" started-at="2019-12-06T02:29:00Z" finished-at="2019-12-06T02:29:01Z">
          <reporter-output>
          </reporter-output>
        </test-method> <!-- f -->
        <test-method status="PASS" signature="afterTest()[pri:0, instance:com.tests.FirstTest@4520ebad]" name="afterTest" is-config="true" duration-ms="1031" started-at="2019-12-06T02:29:01Z" finished-at="2019-12-06T02:29:02Z">
          <reporter-output>
          </reporter-output>
        </test-method> <!-- afterTest -->
      </class> <!-- com.tests.FirstTest -->
    </test> <!-- Default test -->
  </suite> <!-- Default suite -->
</testng-results>
